This is pdfTeX, Version 3.14159265-2.6-1.40.18 (TeX Live 2017/Debian) (preloaded format=pdflatex 2018.11.21)  29 MAR 2019 10:53
entering extended mode
 restricted \write18 enabled.
 %&-line parsing enabled.
**labi2017-t6g7.tex
(./labi2017-t6g7.tex
LaTeX2e <2017-04-15>
Babel <3.18> and hyphenation patterns for 84 language(s) loaded.
(/usr/share/texlive/texmf-dist/tex/latex/base/report.cls
Document Class: report 2014/09/29 v1.4h Standard LaTeX document class
(/usr/share/texlive/texmf-dist/tex/latex/base/size11.clo
File: size11.clo 2014/09/29 v1.4h Standard LaTeX file (size option)
)
\c@part=\count79
\c@chapter=\count80
\c@section=\count81
\c@subsection=\count82
\c@subsubsection=\count83
\c@paragraph=\count84
\c@subparagraph=\count85
\c@figure=\count86
\c@table=\count87
\abovecaptionskip=\skip41
\belowcaptionskip=\skip42
\bibindent=\dimen102
)
(/usr/share/texlive/texmf-dist/tex/generic/babel/babel.sty
Package: babel 2018/02/14 3.18 The Babel package

(/usr/share/texlive/texmf-dist/tex/generic/babel/switch.def
File: switch.def 2018/02/14 3.18 Babel switching mechanism
)
(/usr/share/texlive/texmf-dist/tex/generic/babel-portuges/portuges.ldf
Language: portuges 2008/03/18 v1.2q Portuguese support from the babel system

(/usr/share/texlive/texmf-dist/tex/generic/babel/babel.def
File: babel.def 2018/02/14 3.18 Babel common definitions
\babel@savecnt=\count88
\U@D=\dimen103

(/usr/share/texlive/texmf-dist/tex/generic/babel/txtbabel.def)
\bbl@dirlevel=\count89
)
Package babel Info: Making " an active character on input line 145.
))
(/usr/share/texlive/texmf-dist/tex/latex/base/inputenc.sty
Package: inputenc 2015/03/17 v1.2c Input encoding file
\inpenc@prehook=\toks14
\inpenc@posthook=\toks15

(/usr/share/texlive/texmf-dist/tex/latex/base/utf8.def
File: utf8.def 2017/01/28 v1.1t UTF-8 support for inputenc
Now handling font encoding OML ...
... no UTF-8 mapping file for font encoding OML
Now handling font encoding T1 ...
... processing UTF-8 mapping file for font encoding T1

(/usr/share/texlive/texmf-dist/tex/latex/base/t1enc.dfu
File: t1enc.dfu 2017/01/28 v1.1t UTF-8 support for inputenc
   defining Unicode char U+00A0 (decimal 160)
   defining Unicode char U+00A1 (decimal 161)
   defining Unicode char U+00A3 (decimal 163)
   defining Unicode char U+00AB (decimal 171)
   defining Unicode char U+00AD (decimal 173)
   defining Unicode char U+00BB (decimal 187)
   defining Unicode char U+00BF (decimal 191)
   defining Unicode char U+00C0 (decimal 192)
   defining Unicode char U+00C1 (decimal 193)
   defining Unicode char U+00C2 (decimal 194)
   defining Unicode char U+00C3 (decimal 195)
   defining Unicode char U+00C4 (decimal 196)
   defining Unicode char U+00C5 (decimal 197)
   defining Unicode char U+00C6 (decimal 198)
   defining Unicode char U+00C7 (decimal 199)
   defining Unicode char U+00C8 (decimal 200)
   defining Unicode char U+00C9 (decimal 201)
   defining Unicode char U+00CA (decimal 202)
   defining Unicode char U+00CB (decimal 203)
   defining Unicode char U+00CC (decimal 204)
   defining Unicode char U+00CD (decimal 205)
   defining Unicode char U+00CE (decimal 206)
   defining Unicode char U+00CF (decimal 207)
   defining Unicode char U+00D0 (decimal 208)
   defining Unicode char U+00D1 (decimal 209)
   defining Unicode char U+00D2 (decimal 210)
   defining Unicode char U+00D3 (decimal 211)
   defining Unicode char U+00D4 (decimal 212)
   defining Unicode char U+00D5 (decimal 213)
   defining Unicode char U+00D6 (decimal 214)
   defining Unicode char U+00D8 (decimal 216)
   defining Unicode char U+00D9 (decimal 217)
   defining Unicode char U+00DA (decimal 218)
   defining Unicode char U+00DB (decimal 219)
   defining Unicode char U+00DC (decimal 220)
   defining Unicode char U+00DD (decimal 221)
   defining Unicode char U+00DE (decimal 222)
   defining Unicode char U+00DF (decimal 223)
   defining Unicode char U+00E0 (decimal 224)
   defining Unicode char U+00E1 (decimal 225)
   defining Unicode char U+00E2 (decimal 226)
   defining Unicode char U+00E3 (decimal 227)
   defining Unicode char U+00E4 (decimal 228)
   defining Unicode char U+00E5 (decimal 229)
   defining Unicode char U+00E6 (decimal 230)
   defining Unicode char U+00E7 (decimal 231)
   defining Unicode char U+00E8 (decimal 232)
   defining Unicode char U+00E9 (decimal 233)
   defining Unicode char U+00EA (decimal 234)
   defining Unicode char U+00EB (decimal 235)
   defining Unicode char U+00EC (decimal 236)
   defining Unicode char U+00ED (decimal 237)
   defining Unicode char U+00EE (decimal 238)
   defining Unicode char U+00EF (decimal 239)
   defining Unicode char U+00F0 (decimal 240)
   defining Unicode char U+00F1 (decimal 241)
   defining Unicode char U+00F2 (decimal 242)
   defining Unicode char U+00F3 (decimal 243)
   defining Unicode char U+00F4 (decimal 244)
   defining Unicode char U+00F5 (decimal 245)
   defining Unicode char U+00F6 (decimal 246)
   defining Unicode char U+00F8 (decimal 248)
   defining Unicode char U+00F9 (decimal 249)
   defining Unicode char U+00FA (decimal 250)
   defining Unicode char U+00FB (decimal 251)
   defining Unicode char U+00FC (decimal 252)
   defining Unicode char U+00FD (decimal 253)
   defining Unicode char U+00FE (decimal 254)
   defining Unicode char U+00FF (decimal 255)
   defining Unicode char U+0100 (decimal 256)
   defining Unicode char U+0101 (decimal 257)
   defining Unicode char U+0102 (decimal 258)
   defining Unicode char U+0103 (decimal 259)
   defining Unicode char U+0104 (decimal 260)
   defining Unicode char U+0105 (decimal 261)
   defining Unicode char U+0106 (decimal 262)
   defining Unicode char U+0107 (decimal 263)
   defining Unicode char U+0108 (decimal 264)
   defining Unicode char U+0109 (decimal 265)
   defining Unicode char U+010A (decimal 266)
   defining Unicode char U+010B (decimal 267)
   defining Unicode char U+010C (decimal 268)
   defining Unicode char U+010D (decimal 269)
   defining Unicode char U+010E (decimal 270)
   defining Unicode char U+010F (decimal 271)
   defining Unicode char U+0110 (decimal 272)
   defining Unicode char U+0111 (decimal 273)
   defining Unicode char U+0112 (decimal 274)
   defining Unicode char U+0113 (decimal 275)
   defining Unicode char U+0114 (decimal 276)
   defining Unicode char U+0115 (decimal 277)
   defining Unicode char U+0116 (decimal 278)
   defining Unicode char U+0117 (decimal 279)
   defining Unicode char U+0118 (decimal 280)
   defining Unicode char U+0119 (decimal 281)
   defining Unicode char U+011A (decimal 282)
   defining Unicode char U+011B (decimal 283)
   defining Unicode char U+011C (decimal 284)
   defining Unicode char U+011D (decimal 285)
   defining Unicode char U+011E (decimal 286)
   defining Unicode char U+011F (decimal 287)
   defining Unicode char U+0120 (decimal 288)
   defining Unicode char U+0121 (decimal 289)
   defining Unicode char U+0122 (decimal 290)
   defining Unicode char U+0123 (decimal 291)
   defining Unicode char U+0124 (decimal 292)
   defining Unicode char U+0125 (decimal 293)
   defining Unicode char U+0128 (decimal 296)
   defining Unicode char U+0129 (decimal 297)
   defining Unicode char U+012A (decimal 298)
   defining Unicode char U+012B (decimal 299)
   defining Unicode char U+012C (decimal 300)
   defining Unicode char U+012D (decimal 301)
   defining Unicode char U+012E (decimal 302)
   defining Unicode char U+012F (decimal 303)
   defining Unicode char U+0130 (decimal 304)
   defining Unicode char U+0131 (decimal 305)
   defining Unicode char U+0132 (decimal 306)
   defining Unicode char U+0133 (decimal 307)
   defining Unicode char U+0134 (decimal 308)
   defining Unicode char U+0135 (decimal 309)
   defining Unicode char U+0136 (decimal 310)
   defining Unicode char U+0137 (decimal 311)
   defining Unicode char U+0139 (decimal 313)
   defining Unicode char U+013A (decimal 314)
   defining Unicode char U+013B (decimal 315)
   defining Unicode char U+013C (decimal 316)
   defining Unicode char U+013D (decimal 317)
   defining Unicode char U+013E (decimal 318)
   defining Unicode char U+0141 (decimal 321)
   defining Unicode char U+0142 (decimal 322)
   defining Unicode char U+0143 (decimal 323)
   defining Unicode char U+0144 (decimal 324)
   defining Unicode char U+0145 (decimal 325)
   defining Unicode char U+0146 (decimal 326)
   defining Unicode char U+0147 (decimal 327)
   defining Unicode char U+0148 (decimal 328)
   defining Unicode char U+014A (decimal 330)
   defining Unicode char U+014B (decimal 331)
   defining Unicode char U+014C (decimal 332)
   defining Unicode char U+014D (decimal 333)
   defining Unicode char U+014E (decimal 334)
   defining Unicode char U+014F (decimal 335)
   defining Unicode char U+0150 (decimal 336)
   defining Unicode char U+0151 (decimal 337)
   defining Unicode char U+0152 (decimal 338)
   defining Unicode char U+0153 (decimal 339)
   defining Unicode char U+0154 (decimal 340)
   defining Unicode char U+0155 (decimal 341)
   defining Unicode char U+0156 (decimal 342)
   defining Unicode char U+0157 (decimal 343)
   defining Unicode char U+0158 (decimal 344)
   defining Unicode char U+0159 (decimal 345)
   defining Unicode char U+015A (decimal 346)
   defining Unicode char U+015B (decimal 347)
   defining Unicode char U+015C (decimal 348)
   defining Unicode char U+015D (decimal 349)
   defining Unicode char U+015E (decimal 350)
   defining Unicode char U+015F (decimal 351)
   defining Unicode char U+0160 (decimal 352)
   defining Unicode char U+0161 (decimal 353)
   defining Unicode char U+0162 (decimal 354)
   defining Unicode char U+0163 (decimal 355)
   defining Unicode char U+0164 (decimal 356)
   defining Unicode char U+0165 (decimal 357)
   defining Unicode char U+0168 (decimal 360)
   defining Unicode char U+0169 (decimal 361)
   defining Unicode char U+016A (decimal 362)
   defining Unicode char U+016B (decimal 363)
   defining Unicode char U+016C (decimal 364)
   defining Unicode char U+016D (decimal 365)
   defining Unicode char U+016E (decimal 366)
   defining Unicode char U+016F (decimal 367)
   defining Unicode char U+0170 (decimal 368)
   defining Unicode char U+0171 (decimal 369)
   defining Unicode char U+0172 (decimal 370)
   defining Unicode char U+0173 (decimal 371)
   defining Unicode char U+0174 (decimal 372)
   defining Unicode char U+0175 (decimal 373)
   defining Unicode char U+0176 (decimal 374)
   defining Unicode char U+0177 (decimal 375)
   defining Unicode char U+0178 (decimal 376)
   defining Unicode char U+0179 (decimal 377)
   defining Unicode char U+017A (decimal 378)
   defining Unicode char U+017B (decimal 379)
   defining Unicode char U+017C (decimal 380)
   defining Unicode char U+017D (decimal 381)
   defining Unicode char U+017E (decimal 382)
   defining Unicode char U+01CD (decimal 461)
   defining Unicode char U+01CE (decimal 462)
   defining Unicode char U+01CF (decimal 463)
   defining Unicode char U+01D0 (decimal 464)
   defining Unicode char U+01D1 (decimal 465)
   defining Unicode char U+01D2 (decimal 466)
   defining Unicode char U+01D3 (decimal 467)
   defining Unicode char U+01D4 (decimal 468)
   defining Unicode char U+01E2 (decimal 482)
   defining Unicode char U+01E3 (decimal 483)
   defining Unicode char U+01E6 (decimal 486)
   defining Unicode char U+01E7 (decimal 487)
   defining Unicode char U+01E8 (decimal 488)
   defining Unicode char U+01E9 (decimal 489)
   defining Unicode char U+01EA (decimal 490)
   defining Unicode char U+01EB (decimal 491)
   defining Unicode char U+01F0 (decimal 496)
   defining Unicode char U+01F4 (decimal 500)
   defining Unicode char U+01F5 (decimal 501)
   defining Unicode char U+0218 (decimal 536)
   defining Unicode char U+0219 (decimal 537)
   defining Unicode char U+021A (decimal 538)
   defining Unicode char U+021B (decimal 539)
   defining Unicode char U+0232 (decimal 562)
   defining Unicode char U+0233 (decimal 563)
   defining Unicode char U+1E02 (decimal 7682)
   defining Unicode char U+1E03 (decimal 7683)
   defining Unicode char U+200C (decimal 8204)
   defining Unicode char U+2010 (decimal 8208)
   defining Unicode char U+2011 (decimal 8209)
   defining Unicode char U+2012 (decimal 8210)
   defining Unicode char U+2013 (decimal 8211)
   defining Unicode char U+2014 (decimal 8212)
   defining Unicode char U+2015 (decimal 8213)
   defining Unicode char U+2018 (decimal 8216)
   defining Unicode char U+2019 (decimal 8217)
   defining Unicode char U+201A (decimal 8218)
   defining Unicode char U+201C (decimal 8220)
   defining Unicode char U+201D (decimal 8221)
   defining Unicode char U+201E (decimal 8222)
   defining Unicode char U+2030 (decimal 8240)
   defining Unicode char U+2031 (decimal 8241)
   defining Unicode char U+2039 (decimal 8249)
   defining Unicode char U+203A (decimal 8250)
   defining Unicode char U+2423 (decimal 9251)
   defining Unicode char U+1E20 (decimal 7712)
   defining Unicode char U+1E21 (decimal 7713)
)
Now handling font encoding OT1 ...
... processing UTF-8 mapping file for font encoding OT1

(/usr/share/texlive/texmf-dist/tex/latex/base/ot1enc.dfu
File: ot1enc.dfu 2017/01/28 v1.1t UTF-8 support for inputenc
   defining Unicode char U+00A0 (decimal 160)
   defining Unicode char U+00A1 (decimal 161)
   defining Unicode char U+00A3 (decimal 163)
   defining Unicode char U+00AD (decimal 173)
   defining Unicode char U+00B8 (decimal 184)
   defining Unicode char U+00BF (decimal 191)
   defining Unicode char U+00C5 (decimal 197)
   defining Unicode char U+00C6 (decimal 198)
   defining Unicode char U+00D8 (decimal 216)
   defining Unicode char U+00DF (decimal 223)
   defining Unicode char U+00E6 (decimal 230)
   defining Unicode char U+00EC (decimal 236)
   defining Unicode char U+00ED (decimal 237)
   defining Unicode char U+00EE (decimal 238)
   defining Unicode char U+00EF (decimal 239)
   defining Unicode char U+00F8 (decimal 248)
   defining Unicode char U+0131 (decimal 305)
   defining Unicode char U+0141 (decimal 321)
   defining Unicode char U+0142 (decimal 322)
   defining Unicode char U+0152 (decimal 338)
   defining Unicode char U+0153 (decimal 339)
   defining Unicode char U+0174 (decimal 372)
   defining Unicode char U+0175 (decimal 373)
   defining Unicode char U+0176 (decimal 374)
   defining Unicode char U+0177 (decimal 375)
   defining Unicode char U+0218 (decimal 536)
   defining Unicode char U+0219 (decimal 537)
   defining Unicode char U+021A (decimal 538)
   defining Unicode char U+021B (decimal 539)
   defining Unicode char U+2013 (decimal 8211)
   defining Unicode char U+2014 (decimal 8212)
   defining Unicode char U+2018 (decimal 8216)
   defining Unicode char U+2019 (decimal 8217)
   defining Unicode char U+201C (decimal 8220)
   defining Unicode char U+201D (decimal 8221)
)
Now handling font encoding OMS ...
... processing UTF-8 mapping file for font encoding OMS

(/usr/share/texlive/texmf-dist/tex/latex/base/omsenc.dfu
File: omsenc.dfu 2017/01/28 v1.1t UTF-8 support for inputenc
   defining Unicode char U+00A7 (decimal 167)
   defining Unicode char U+00B6 (decimal 182)
   defining Unicode char U+00B7 (decimal 183)
   defining Unicode char U+2020 (decimal 8224)
   defining Unicode char U+2021 (decimal 8225)
   defining Unicode char U+2022 (decimal 8226)
)
Now handling font encoding OMX ...
... no UTF-8 mapping file for font encoding OMX
Now handling font encoding U ...
... no UTF-8 mapping file for font encoding U
   defining Unicode char U+00A9 (decimal 169)
   defining Unicode char U+00AA (decimal 170)
   defining Unicode char U+00AE (decimal 174)
   defining Unicode char U+00BA (decimal 186)
   defining Unicode char U+02C6 (decimal 710)
   defining Unicode char U+02DC (decimal 732)
   defining Unicode char U+200C (decimal 8204)
   defining Unicode char U+2026 (decimal 8230)
   defining Unicode char U+2122 (decimal 8482)
   defining Unicode char U+2423 (decimal 9251)
))
(/usr/share/texlive/texmf-dist/tex/latex/hyperref/hyperref.sty
Package: hyperref 2018/02/06 v6.86b Hypertext links for LaTeX

(/usr/share/texlive/texmf-dist/tex/generic/oberdiek/hobsub-hyperref.sty
Package: hobsub-hyperref 2016/05/16 v1.14 Bundle oberdiek, subset hyperref (HO)


(/usr/share/texlive/texmf-dist/tex/generic/oberdiek/hobsub-generic.sty
Package: hobsub-generic 2016/05/16 v1.14 Bundle oberdiek, subset generic (HO)
Package: hobsub 2016/05/16 v1.14 Construct package bundles (HO)
Package: infwarerr 2016/05/16 v1.4 Providing info/warning/error messages (HO)
Package: ltxcmds 2016/05/16 v1.23 LaTeX kernel commands for general use (HO)
Package: ifluatex 2016/05/16 v1.4 Provides the ifluatex switch (HO)
Package ifluatex Info: LuaTeX not detected.
Package: ifvtex 2016/05/16 v1.6 Detect VTeX and its facilities (HO)
Package ifvtex Info: VTeX not detected.
Package: intcalc 2016/05/16 v1.2 Expandable calculations with integers (HO)
Package: ifpdf 2017/03/15 v3.2 Provides the ifpdf switch
Package: etexcmds 2016/05/16 v1.6 Avoid name clashes with e-TeX commands (HO)
Package etexcmds Info: Could not find \expanded.
(etexcmds)             That can mean that you are not using pdfTeX 1.50 or
(etexcmds)             that some package has redefined \expanded.
(etexcmds)             In the latter case, load this package earlier.
Package: kvsetkeys 2016/05/16 v1.17 Key value parser (HO)
Package: kvdefinekeys 2016/05/16 v1.4 Define keys (HO)
Package: pdftexcmds 2018/01/21 v0.26 Utility functions of pdfTeX for LuaTeX (HO
)
Package pdftexcmds Info: LuaTeX not detected.
Package pdftexcmds Info: \pdf@primitive is available.
Package pdftexcmds Info: \pdf@ifprimitive is available.
Package pdftexcmds Info: \pdfdraftmode found.
Package: pdfescape 2016/05/16 v1.14 Implements pdfTeX's escape features (HO)
Package: bigintcalc 2016/05/16 v1.4 Expandable calculations on big integers (HO
)
Package: bitset 2016/05/16 v1.2 Handle bit-vector datatype (HO)
Package: uniquecounter 2016/05/16 v1.3 Provide unlimited unique counter (HO)
)
Package hobsub Info: Skipping package `hobsub' (already loaded).
Package: letltxmacro 2016/05/16 v1.5 Let assignment for LaTeX macros (HO)
Package: hopatch 2016/05/16 v1.3 Wrapper for package hooks (HO)
Package: xcolor-patch 2016/05/16 xcolor patch
Package: atveryend 2016/05/16 v1.9 Hooks at the very end of document (HO)
Package atveryend Info: \enddocument detected (standard20110627).
Package: atbegshi 2016/06/09 v1.18 At begin shipout hook (HO)
Package: refcount 2016/05/16 v3.5 Data extraction from label references (HO)
Package: hycolor 2016/05/16 v1.8 Color options for hyperref/bookmark (HO)
)
(/usr/share/texlive/texmf-dist/tex/latex/graphics/keyval.sty
Package: keyval 2014/10/28 v1.15 key=value parser (DPC)
\KV@toks@=\toks16
)
(/usr/share/texlive/texmf-dist/tex/generic/ifxetex/ifxetex.sty
Package: ifxetex 2010/09/12 v0.6 Provides ifxetex conditional
)
(/usr/share/texlive/texmf-dist/tex/latex/oberdiek/auxhook.sty
Package: auxhook 2016/05/16 v1.4 Hooks for auxiliary files (HO)
)
(/usr/share/texlive/texmf-dist/tex/latex/oberdiek/kvoptions.sty
Package: kvoptions 2016/05/16 v3.12 Key value format for package options (HO)
)
\@linkdim=\dimen104
\Hy@linkcounter=\count90
\Hy@pagecounter=\count91

(/usr/share/texlive/texmf-dist/tex/latex/hyperref/pd1enc.def
File: pd1enc.def 2018/02/06 v6.86b Hyperref: PDFDocEncoding definition (HO)
Now handling font encoding PD1 ...
... no UTF-8 mapping file for font encoding PD1
)
\Hy@SavedSpaceFactor=\count92

(/usr/share/texlive/texmf-dist/tex/latex/latexconfig/hyperref.cfg
File: hyperref.cfg 2002/06/06 v1.2 hyperref configuration of TeXLive
)
Package hyperref Info: Hyper figures OFF on input line 4509.
Package hyperref Info: Link nesting OFF on input line 4514.
Package hyperref Info: Hyper index ON on input line 4517.
Package hyperref Info: Plain pages OFF on input line 4524.
Package hyperref Info: Backreferencing OFF on input line 4529.
Package hyperref Info: Implicit mode ON; LaTeX internals redefined.
Package hyperref Info: Bookmarks ON on input line 4762.
\c@Hy@tempcnt=\count93

(/usr/share/texlive/texmf-dist/tex/latex/url/url.sty
\Urlmuskip=\muskip10
Package: url 2013/09/16  ver 3.4  Verb mode for urls, etc.
)
LaTeX Info: Redefining \url on input line 5115.
\XeTeXLinkMargin=\dimen105
\Fld@menulength=\count94
\Field@Width=\dimen106
\Fld@charsize=\dimen107
Package hyperref Info: Hyper figures OFF on input line 6369.
Package hyperref Info: Link nesting OFF on input line 6374.
Package hyperref Info: Hyper index ON on input line 6377.
Package hyperref Info: backreferencing OFF on input line 6384.
Package hyperref Info: Link coloring OFF on input line 6389.
Package hyperref Info: Link coloring with OCG OFF on input line 6394.
Package hyperref Info: PDF/A mode OFF on input line 6399.
LaTeX Info: Redefining \ref on input line 6439.
LaTeX Info: Redefining \pageref on input line 6443.
\Hy@abspage=\count95
\c@Item=\count96
\c@Hfootnote=\count97
)
Package hyperref Info: Driver (autodetected): hpdftex.

(/usr/share/texlive/texmf-dist/tex/latex/hyperref/hpdftex.def
File: hpdftex.def 2018/02/06 v6.86b Hyperref driver for pdfTeX
\Fld@listcount=\count98
\c@bookmark@seq@number=\count99

(/usr/share/texlive/texmf-dist/tex/latex/oberdiek/rerunfilecheck.sty
Package: rerunfilecheck 2016/05/16 v1.8 Rerun checks for auxiliary files (HO)
Package uniquecounter Info: New unique counter `rerunfilecheck' on input line 2
82.
)
\Hy@SectionHShift=\skip43
)
(/usr/share/texlive/texmf-dist/tex/latex/amsmath/amsmath.sty
Package: amsmath 2017/09/02 v2.17a AMS math features
\@mathmargin=\skip44

For additional information on amsmath, use the `?' option.
(/usr/share/texlive/texmf-dist/tex/latex/amsmath/amstext.sty
Package: amstext 2000/06/29 v2.01 AMS text

(/usr/share/texlive/texmf-dist/tex/latex/amsmath/amsgen.sty
File: amsgen.sty 1999/11/30 v2.0 generic functions
\@emptytoks=\toks17
\ex@=\dimen108
))
(/usr/share/texlive/texmf-dist/tex/latex/amsmath/amsbsy.sty
Package: amsbsy 1999/11/29 v1.2d Bold Symbols
\pmbraise@=\dimen109
)
(/usr/share/texlive/texmf-dist/tex/latex/amsmath/amsopn.sty
Package: amsopn 2016/03/08 v2.02 operator names
)
\inf@bad=\count100
LaTeX Info: Redefining \frac on input line 213.
\uproot@=\count101
\leftroot@=\count102
LaTeX Info: Redefining \overline on input line 375.
\classnum@=\count103
\DOTSCASE@=\count104
LaTeX Info: Redefining \ldots on input line 472.
LaTeX Info: Redefining \dots on input line 475.
LaTeX Info: Redefining \cdots on input line 596.
\Mathstrutbox@=\box26
\strutbox@=\box27
\big@size=\dimen110
LaTeX Font Info:    Redeclaring font encoding OML on input line 712.
LaTeX Font Info:    Redeclaring font encoding OMS on input line 713.
\macc@depth=\count105
\c@MaxMatrixCols=\count106
\dotsspace@=\muskip11
\c@parentequation=\count107
\dspbrk@lvl=\count108
\tag@help=\toks18
\row@=\count109
\column@=\count110
\maxfields@=\count111
\andhelp@=\toks19
\eqnshift@=\dimen111
\alignsep@=\dimen112
\tagshift@=\dimen113
\tagwidth@=\dimen114
\totwidth@=\dimen115
\lineht@=\dimen116
\@envbody=\toks20
\multlinegap=\skip45
\multlinetaggap=\skip46
\mathdisplay@stack=\toks21
LaTeX Info: Redefining \[ on input line 2817.
LaTeX Info: Redefining \] on input line 2818.
)
(/usr/share/texlive/texmf-dist/tex/latex/amsfonts/amssymb.sty
Package: amssymb 2013/01/14 v3.01 AMS font symbols

(/usr/share/texlive/texmf-dist/tex/latex/amsfonts/amsfonts.sty
Package: amsfonts 2013/01/14 v3.01 Basic AMSFonts support
\symAMSa=\mathgroup4
\symAMSb=\mathgroup5
LaTeX Font Info:    Overwriting math alphabet `\mathfrak' in version `bold'
(Font)                  U/euf/m/n --> U/euf/b/n on input line 106.
))
(/usr/share/texlive/texmf-dist/tex/latex/float/float.sty
Package: float 2001/11/08 v1.3d Float enhancements (AL)
\c@float@type=\count112
\float@exts=\toks22
\float@box=\box28
\@float@everytoks=\toks23
\@floatcapt=\box29
)
(/usr/share/texlive/texmf-dist/tex/latex/tools/xspace.sty
Package: xspace 2014/10/28 v1.13 Space after command names (DPC,MH)
)
(/usr/share/texlive/texmf-dist/tex/latex/acronym/acronym.sty
Package: acronym 2015/03/21 v1.41 Support for acronyms (Tobias Oetiker)

(/usr/share/texlive/texmf-dist/tex/latex/bigfoot/suffix.sty
Package: suffix 2006/07/15 1.5a Variant command support
)
(/usr/share/texlive/texmf-dist/tex/generic/xstring/xstring.sty
(/usr/share/texlive/texmf-dist/tex/generic/xstring/xstring.tex
\@xs@message=\write3
\integerpart=\count113
\decimalpart=\count114
)
Package: xstring 2013/10/13  v1.7c  String manipulations (C Tellechea)
)
\AC@clearlist=\toks24
)
(/usr/share/texlive/texmf-dist/tex/latex/listings/listings.sty
\lst@mode=\count115
\lst@gtempboxa=\box30
\lst@token=\toks25
\lst@length=\count116
\lst@currlwidth=\dimen117
\lst@column=\count117
\lst@pos=\count118
\lst@lostspace=\dimen118
\lst@width=\dimen119
\lst@newlines=\count119
\lst@lineno=\count120
\lst@maxwidth=\dimen120

(/usr/share/texlive/texmf-dist/tex/latex/listings/lstmisc.sty
File: lstmisc.sty 2015/06/04 1.6 (Carsten Heinz)
\c@lstnumber=\count121
\lst@skipnumbers=\count122
\lst@framebox=\box31
)
(/usr/share/texlive/texmf-dist/tex/latex/listings/listings.cfg
File: listings.cfg 2015/06/04 1.6 listings configuration
))
Package: listings 2015/06/04 1.6 (Carsten Heinz)

(/usr/share/texlive/texmf-dist/tex/latex/tools/indentfirst.sty
Package: indentfirst 1995/11/23 v1.03 Indent first paragraph (DPC)
)
(/usr/share/texlive/texmf-dist/tex/latex/graphics/color.sty
Package: color 2016/07/10 v1.1e Standard LaTeX Color (DPC)

(/usr/share/texlive/texmf-dist/tex/latex/graphics-cfg/color.cfg
File: color.cfg 2016/01/02 v1.6 sample color configuration
)
Package color Info: Driver file: pdftex.def on input line 147.

(/usr/share/texlive/texmf-dist/tex/latex/graphics-def/pdftex.def
File: pdftex.def 2018/01/08 v1.0l Graphics/color driver for pdftex
))
(/usr/share/texlive/texmf-dist/tex/latex/soul/soul.sty
Package: soul 2003/11/17 v2.4 letterspacing/underlining (mf)
\SOUL@word=\toks26
\SOUL@lasttoken=\toks27
\SOUL@cmds=\toks28
\SOUL@buffer=\toks29
\SOUL@token=\toks30
\SOUL@spaceskip=\skip47
\SOUL@ttwidth=\dimen121
\SOUL@uldp=\dimen122
\SOUL@ulht=\dimen123
)
(/usr/share/texlive/texmf-dist/tex/latex/booktabs/booktabs.sty
Package: booktabs 2016/04/27 v1.618033 publication quality tables
\heavyrulewidth=\dimen124
\lightrulewidth=\dimen125
\cmidrulewidth=\dimen126
\belowrulesep=\dimen127
\belowbottomsep=\dimen128
\aboverulesep=\dimen129
\abovetopsep=\dimen130
\cmidrulesep=\dimen131
\cmidrulekern=\dimen132
\defaultaddspace=\dimen133
\@cmidla=\count123
\@cmidlb=\count124
\@aboverulesep=\dimen134
\@belowrulesep=\dimen135
\@thisruleclass=\count125
\@lastruleclass=\count126
\@thisrulewidth=\dimen136
)
(/usr/share/texlive/texmf-dist/tex/latex/graphics/graphicx.sty
Package: graphicx 2017/06/01 v1.1a Enhanced LaTeX Graphics (DPC,SPQR)

(/usr/share/texlive/texmf-dist/tex/latex/graphics/graphics.sty
Package: graphics 2017/06/25 v1.2c Standard LaTeX Graphics (DPC,SPQR)

(/usr/share/texlive/texmf-dist/tex/latex/graphics/trig.sty
Package: trig 2016/01/03 v1.10 sin cos tan (DPC)
)
(/usr/share/texlive/texmf-dist/tex/latex/graphics-cfg/graphics.cfg
File: graphics.cfg 2016/06/04 v1.11 sample graphics configuration
)
Package graphics Info: Driver file: pdftex.def on input line 99.
)
\Gin@req@height=\dimen137
\Gin@req@width=\dimen138
)
No file labi2017-t6g7.aux.
\openout1 = `labi2017-t6g7.aux'.

LaTeX Font Info:    Checking defaults for OML/cmm/m/it on input line 25.
LaTeX Font Info:    ... okay on input line 25.
LaTeX Font Info:    Checking defaults for T1/cmr/m/n on input line 25.
LaTeX Font Info:    ... okay on input line 25.
LaTeX Font Info:    Checking defaults for OT1/cmr/m/n on input line 25.
LaTeX Font Info:    ... okay on input line 25.
LaTeX Font Info:    Checking defaults for OMS/cmsy/m/n on input line 25.
LaTeX Font Info:    ... okay on input line 25.
LaTeX Font Info:    Checking defaults for OMX/cmex/m/n on input line 25.
LaTeX Font Info:    ... okay on input line 25.
LaTeX Font Info:    Checking defaults for U/cmr/m/n on input line 25.
LaTeX Font Info:    ... okay on input line 25.
LaTeX Font Info:    Checking defaults for PD1/pdf/m/n on input line 25.
LaTeX Font Info:    ... okay on input line 25.
\AtBeginShipoutBox=\box32
Package hyperref Info: Link coloring OFF on input line 25.
(/usr/share/texlive/texmf-dist/tex/latex/hyperref/nameref.sty
Package: nameref 2016/05/21 v2.44 Cross-referencing by name of section

(/usr/share/texlive/texmf-dist/tex/generic/oberdiek/gettitlestring.sty
Package: gettitlestring 2016/05/16 v1.5 Cleanup title references (HO)
)
\c@section@level=\count127
)
LaTeX Info: Redefining \ref on input line 25.
LaTeX Info: Redefining \pageref on input line 25.
LaTeX Info: Redefining \nameref on input line 25.
\@outlinefile=\write4
\openout4 = `labi2017-t6g7.out'.

\c@lstlisting=\count128

(/usr/share/texlive/texmf-dist/tex/context/base/mkii/supp-pdf.mkii
[Loading MPS to PDF converter (version 2006.09.02).]
\scratchcounter=\count129
\scratchdimen=\dimen139
\scratchbox=\box33
\nofMPsegments=\count130
\nofMParguments=\count131
\everyMPshowfont=\toks31
\MPscratchCnt=\count132
\MPscratchDim=\dimen140
\MPnumerator=\count133
\makeMPintoPDFobject=\count134
\everyMPtoPDFconversion=\toks32
) (/usr/share/texlive/texmf-dist/tex/latex/oberdiek/epstopdf-base.sty
Package: epstopdf-base 2016/05/15 v2.6 Base part for package epstopdf

(/usr/share/texlive/texmf-dist/tex/latex/oberdiek/grfext.sty
Package: grfext 2016/05/16 v1.2 Manage graphics extensions (HO)
)
Package epstopdf-base Info: Redefining graphics rule for `.eps' on input line 4
38.
Package grfext Info: Graphics extension search list:
(grfext)             [.pdf,.png,.jpg,.mps,.jpeg,.jbig2,.jb2,.PDF,.PNG,.JPG,.JPE
G,.JBIG2,.JB2,.eps]
(grfext)             \AppendGraphicsExtensions on input line 456.

(/usr/share/texlive/texmf-dist/tex/latex/latexconfig/epstopdf-sys.cfg
File: epstopdf-sys.cfg 2010/07/13 v1.3 Configuration of (r)epstopdf for TeX Liv
e
))
<imagens/ua.pdf, id=4, 52.195pt x 55.20625pt>
File: imagens/ua.pdf Graphic file (type pdf)
<use imagens/ua.pdf>
Package pdftex.def Info: imagens/ua.pdf  used on input line 44.
(pdftex.def)             Requested size: 52.19487pt x 55.2061pt.
Package babel Info: Redefining portuges shorthand "|
(babel)             in language append on input line 84.
Package babel Info: Redefining portuges shorthand "|
(babel)             in language append on input line 84.

[1

{/var/lib/texmf/fonts/map/pdftex/updmap/pdftex.map} <./imagens/ua.pdf>]
LaTeX Font Info:    Try loading font information for U+msa on input line 102.

(/usr/share/texlive/texmf-dist/tex/latex/amsfonts/umsa.fd
File: umsa.fd 2013/01/14 v3.01 AMS symbols A
)
LaTeX Font Info:    Try loading font information for U+msb on input line 102.

(/usr/share/texlive/texmf-dist/tex/latex/amsfonts/umsb.fd
File: umsb.fd 2013/01/14 v3.01 AMS symbols B
)
Package babel Info: Redefining portuges shorthand "|
(babel)             in language append on input line 102.
Package babel Info: Redefining portuges shorthand "|
(babel)             in language append on input line 102.
pdfTeX warning (ext4): destination with the same identifier (name{page.1}) has 
been already used, duplicate ignored
<to be read again> 
                   \relax 
l.102 \begin
            {titlepage}\end{titlepage} [1]
\tf@toc=\write5
\openout5 = `labi2017-t6g7.toc'.

Package babel Info: Redefining portuges shorthand "|
(babel)             in language append on input line 108.
Package babel Info: Redefining portuges shorthand "|
(babel)             in language append on input line 108.
 [1

]
Package babel Info: Redefining portuges shorthand "|
(babel)             in language append on input line 108.
Package babel Info: Redefining portuges shorthand "|
(babel)             in language append on input line 108.
 [2

]
Package babel Info: Redefining portuges shorthand "|
(babel)             in language append on input line 115.
Package babel Info: Redefining portuges shorthand "|
(babel)             in language append on input line 115.
 [3

]
Package babel Info: Redefining portuges shorthand "|
(babel)             in language append on input line 115.
Package babel Info: Redefining portuges shorthand "|
(babel)             in language append on input line 115.
 [4

]
(./capitulos/resumo.tex
Package babel Info: Redefining portuges shorthand "|
(babel)             in language append on input line 16.
Package babel Info: Redefining portuges shorthand "|
(babel)             in language append on input line 16.
pdfTeX warning (ext4): destination with the same identifier (name{page.1}) has 
been already used, duplicate ignored
<to be read again> 
                   \relax 
l.16 \end{abstract}
                    [1])
Package babel Info: Redefining portuges shorthand "|
(babel)             in language append on input line 120.
Package babel Info: Redefining portuges shorthand "|
(babel)             in language append on input line 120.
 [2

] (./capitulos/capitulo_1.tex
Cap\'{\i }tulo 1.
Package babel Info: Redefining portuges shorthand "|
(babel)             in language append on input line 1.

Underfull \hbox (badness 10000) in paragraph at lines 5--6

 []

Package babel Info: Redefining portuges shorthand "|
(babel)             in language append on input line 7.

Underfull \hbox (badness 10000) in paragraph at lines 9--10

 []

LaTeX Font Info:    Try loading font information for OMS+cmr on input line 11.
(/usr/share/texlive/texmf-dist/tex/latex/base/omscmr.fd
File: omscmr.fd 2014/09/29 v2.5h Standard LaTeX font definitions
)
LaTeX Font Info:    Font shape `OMS/cmr/bx/n' in size <10.95> not available
(Font)              Font shape `OMS/cmsy/b/n' tried instead on input line 11.

Underfull \hbox (badness 10000) in paragraph at lines 11--12

 []


Underfull \hbox (badness 10000) in paragraph at lines 13--14

 []


Underfull \hbox (badness 10000) in paragraph at lines 15--16

 []


Underfull \hbox (badness 10000) in paragraph at lines 17--18

 []

Package babel Info: Redefining portuges shorthand "|
(babel)             in language append on input line 19.
Package babel Info: Redefining portuges shorthand "|
(babel)             in language append on input line 19.
pdfTeX warning (ext4): destination with the same identifier (name{page.1}) has 
been already used, duplicate ignored
<to be read again> 
                   \relax 
l.19 \textbf{•  }
                   \textbf{Capítulo 6 - Caracteristicas da Realidade Virtua...
[1

]
Underfull \hbox (badness 10000) in paragraph at lines 19--20

 []


Underfull \hbox (badness 10000) in paragraph at lines 21--22

 []


Underfull \hbox (badness 10000) in paragraph at lines 23--24

 []


Underfull \hbox (badness 10000) in paragraph at lines 25--26

 []


Underfull \hbox (badness 10000) in paragraph at lines 27--28

 []

)
Package babel Info: Redefining portuges shorthand "|
(babel)             in language append on input line 124.
Package babel Info: Redefining portuges shorthand "|
(babel)             in language append on input line 124.
pdfTeX warning (ext4): destination with the same identifier (name{page.2}) has 
been already used, duplicate ignored
<to be read again> 
                   \relax 
l.124 \cleardoublepage
                       [2] (./capitulos/capitulo_2.tex
Cap\'{\i }tulo 2.
Package babel Info: Redefining portuges shorthand "|
(babel)             in language append on input line 1.
Package babel Info: Redefining portuges shorthand "|
(babel)             in language append on input line 3.

LaTeX Warning: Citation `7' on page 3 undefined on input line 7.

Package babel Info: Redefining portuges shorthand "|
(babel)             in language append on input line 12.
<imagens/sentidos.jpg, id=58, 191.21437pt x 157.33781pt>
File: imagens/sentidos.jpg Graphic file (type jpg)
<use imagens/sentidos.jpg>
Package pdftex.def Info: imagens/sentidos.jpg  used on input line 17.
(pdftex.def)             Requested size: 76.48439pt x 62.934pt.

LaTeX Warning: Citation `1' on page 3 undefined on input line 18.


LaTeX Warning: Citation `8' on page 3 undefined on input line 21.

Package babel Info: Redefining portuges shorthand "|
(babel)             in language append on input line 22.
Package babel Info: Redefining portuges shorthand "|
(babel)             in language append on input line 22.
[3


]

LaTeX Warning: Citation `9' on page 4 undefined on input line 23.

<imagens/3is.jpg, id=69, 235.88126pt x 215.80624pt>
File: imagens/3is.jpg Graphic file (type jpg)
<use imagens/3is.jpg>
Package pdftex.def Info: imagens/3is.jpg  used on input line 34.
(pdftex.def)             Requested size: 117.94034pt x 107.90285pt.

LaTeX Warning: Citation `2' on page 4 undefined on input line 35.

)
Package babel Info: Redefining portuges shorthand "|
(babel)             in language append on input line 127.
Package babel Info: Redefining portuges shorthand "|
(babel)             in language append on input line 127.
 [4pdfTeX warning (ext4): destination with the same identifier (name{figure.2.1
}) has been already used, duplicate ignored

\AtBegShi@Output ...ipout \box \AtBeginShipoutBox 
                                                  \fi \fi 
l.127 \cleardoublepage
                       <./imagens/sentidos.jpg>]
Package babel Info: Redefining portuges shorthand "|
(babel)             in language append on input line 127.
Package babel Info: Redefining portuges shorthand "|
(babel)             in language append on input line 127.
 [5pdfTeX warning (ext4): destination with the same identifier (name{figure.2.2
}) has been already used, duplicate ignored

\AtBegShi@Output ...ipout \box \AtBeginShipoutBox 
                                                  \fi \fi 
l.127 \cleardoublepage
                       <./imagens/3is.jpg>]
Package babel Info: Redefining portuges shorthand "|
(babel)             in language append on input line 127.
Package babel Info: Redefining portuges shorthand "|
(babel)             in language append on input line 127.
 [6

] (./capitulos/capitulo_3.tex
Cap\'{\i }tulo 3.
Package babel Info: Redefining portuges shorthand "|
(babel)             in language append on input line 1.
<imagens/HMD.jpg, id=85, 401.5pt x 310.15875pt>
File: imagens/HMD.jpg Graphic file (type jpg)
<use imagens/HMD.jpg>
Package pdftex.def Info: imagens/HMD.jpg  used on input line 8.
(pdftex.def)             Requested size: 200.7495pt x 155.079pt.

LaTeX Warning: Citation `3' on page 7 undefined on input line 9.


LaTeX Warning: Citation `3' on page 7 undefined on input line 9.

)
Package babel Info: Redefining portuges shorthand "|
(babel)             in language append on input line 130.
Package babel Info: Redefining portuges shorthand "|
(babel)             in language append on input line 130.
 [7

]
Package babel Info: Redefining portuges shorthand "|
(babel)             in language append on input line 130.
Package babel Info: Redefining portuges shorthand "|
(babel)             in language append on input line 130.
 [8pdfTeX warning (ext4): destination with the same identifier (name{figure.3.1
}) has been already used, duplicate ignored

\AtBegShi@Output ...ipout \box \AtBeginShipoutBox 
                                                  \fi \fi 
l.130 \cleardoublepage
                       <./imagens/HMD.jpg>] (./capitulos/capitulo_4.tex
Cap\'{\i }tulo 4.
Package babel Info: Redefining portuges shorthand "|
(babel)             in language append on input line 1.
Package babel Info: Redefining portuges shorthand "|
(babel)             in language append on input line 4.
Package babel Info: Redefining portuges shorthand "|
(babel)             in language append on input line 6.

LaTeX Warning: Citation `4' on page 9 undefined on input line 12.

Package babel Info: Redefining portuges shorthand "|
(babel)             in language append on input line 14.
Package babel Info: Redefining portuges shorthand "|
(babel)             in language append on input line 17.
Package babel Info: Redefining portuges shorthand "|
(babel)             in language append on input line 20.
Package babel Info: Redefining portuges shorthand "|
(babel)             in language append on input line 20.
[9


pdfTeX warning (ext4): destination with the same identifier (name{figure.4.1}) 
has been already used, duplicate ignored

\AtBegShi@Output ...ipout \box \AtBeginShipoutBox 
                                                  \fi \fi 
l.20 
     ]
<imagens/Sensorama.jpg, id=113, 220.825pt x 283.0575pt>
File: imagens/Sensorama.jpg Graphic file (type jpg)
<use imagens/Sensorama.jpg>
Package pdftex.def Info: imagens/Sensorama.jpg  used on input line 26.
(pdftex.def)             Requested size: 110.41222pt x 141.5284pt.


LaTeX Warning: Citation `5' on page 10 undefined on input line 27.

Package babel Info: Redefining portuges shorthand "|
(babel)             in language append on input line 29.

LaTeX Warning: Citation `10' on page 10 undefined on input line 31.

Package babel Info: Redefining portuges shorthand "|
(babel)             in language append on input line 33.

LaTeX Warning: Citation `11' on page 10 undefined on input line 35.


LaTeX Warning: Citation `11' on page 10 undefined on input line 35.

Package babel Info: Redefining portuges shorthand "|
(babel)             in language append on input line 36.
Package babel Info: Redefining portuges shorthand "|
(babel)             in language append on input line 36.
[10pdfTeX warning (ext4): destination with the same identifier (name{figure.4.2
}) has been already used, duplicate ignored

\AtBegShi@Output ...ipout \box \AtBeginShipoutBox 
                                                  \fi \fi 
l.36 
      <./imagens/Sensorama.jpg>]
Overfull \hbox (1.43997pt too wide) in paragraph at lines 37--38
\OT1/cmr/m/it/10.95 cles\OT1/cmr/m/n/10.95 ".Este dis-po-si-tivo ainda fi-cava 
muito aqu^^Sem, tanto na in-ter-face de usu^^Sario
 []

<imagens/SOD.jpg, id=125, 351.3125pt x 301.125pt>
File: imagens/SOD.jpg Graphic file (type jpg)
<use imagens/SOD.jpg>
Package pdftex.def Info: imagens/SOD.jpg  used on input line 42.
(pdftex.def)             Requested size: 140.5225pt x 120.44786pt.

LaTeX Warning: Citation `6' on page 11 undefined on input line 43.


LaTeX Warning: Citation `6' on page 11 undefined on input line 43.

Package babel Info: Redefining portuges shorthand "|
(babel)             in language append on input line 45.
Package babel Info: Redefining portuges shorthand "|
(babel)             in language append on input line 48.
Package babel Info: Redefining portuges shorthand "|
(babel)             in language append on input line 48.
[11pdfTeX warning (ext4): destination with the same identifier (name{figure.4.3
}) has been already used, duplicate ignored

\AtBegShi@Output ...ipout \box \AtBeginShipoutBox 
                                                  \fi \fi 
l.48 	\subsection
                 {O nascimento do nome - 1987} <./imagens/SOD.jpg>]
Package babel Info: Redefining portuges shorthand "|
(babel)             in language append on input line 48.
Package babel Info: Redefining portuges shorthand "|
(babel)             in language append on input line 53.
<imagens/OR.jpg, id=134, 523.9575pt x 305.14pt>
File: imagens/OR.jpg Graphic file (type jpg)
<use imagens/OR.jpg>
Package pdftex.def Info: imagens/OR.jpg  used on input line 58.
(pdftex.def)             Requested size: 157.18846pt x 91.5427pt.
Package babel Info: Redefining portuges shorthand "|
(babel)             in language append on input line 61.
Package babel Info: Redefining portuges shorthand "|
(babel)             in language append on input line 64.
Package babel Info: Redefining portuges shorthand "|
(babel)             in language append on input line 67.
Package babel Info: Redefining portuges shorthand "|
(babel)             in language append on input line 67.
 [12pdfTeX warning (ext4): destination with the same identifier (name{figure.4.
4}) has been already used, duplicate ignored

\AtBegShi@Output ...ipout \box \AtBeginShipoutBox 
                                                  \fi \fi 
l.67 
      <./imagens/OR.jpg>])
Package babel Info: Redefining portuges shorthand "|
(babel)             in language append on input line 133.
Package babel Info: Redefining portuges shorthand "|
(babel)             in language append on input line 133.
 [13]
Package babel Info: Redefining portuges shorthand "|
(babel)             in language append on input line 133.
Package babel Info: Redefining portuges shorthand "|
(babel)             in language append on input line 133.
 [14

] (./capitulos/capitulo_5.tex
Cap\'{\i }tulo 5.
Package babel Info: Redefining portuges shorthand "|
(babel)             in language append on input line 1.

Package acronym Warning: Acronym `RV' is not defined on input line 3.


Package acronym Warning: Acronym `RV' is not defined on input line 3.

Package babel Info: Redefining portuges shorthand "|
(babel)             in language append on input line 5.
Package babel Info: Redefining portuges shorthand "|
(babel)             in language append on input line 7.
Package babel Info: Redefining portuges shorthand "|
(babel)             in language append on input line 11.

Package acronym Warning: Acronym `RV' is not defined on input line 12.

Package babel Info: Redefining portuges shorthand "|
(babel)             in language append on input line 14.

Package acronym Warning: Acronym `RV' is not defined on input line 15.

Package babel Info: Redefining portuges shorthand "|
(babel)             in language append on input line 16.
Package babel Info: Redefining portuges shorthand "|
(babel)             in language append on input line 16.
[15

]
<imagens/RV_tratamento_fobia.jpg, id=170, 722.7pt x 451.6875pt>
File: imagens/RV_tratamento_fobia.jpg Graphic file (type jpg)
<use imagens/RV_tratamento_fobia.jpg>
Package pdftex.def Info: imagens/RV_tratamento_fobia.jpg  used on input line 19
.
(pdftex.def)             Requested size: 289.07487pt x 180.67178pt.


LaTeX Warning: Citation `RV_fobia_1' on page 16 undefined on input line 20.


LaTeX Warning: Citation `RV_fobia_1' on page 16 undefined on input line 20.

Package babel Info: Redefining portuges shorthand "|
(babel)             in language append on input line 23.

Package acronym Warning: Acronym `RV' is not defined on input line 24.


LaTeX Warning: Citation `RV_fundador' on page 16 undefined on input line 26.

Package babel Info: Redefining portuges shorthand "|
(babel)             in language append on input line 29.
Package babel Info: Redefining portuges shorthand "|
(babel)             in language append on input line 29.
[16pdfTeX warning (ext4): destination with the same identifier (name{figure.5.1
}) has been already used, duplicate ignored

\AtBegShi@Output ...ipout \box \AtBeginShipoutBox 
                                                  \fi \fi 
l.29 
      <./imagens/RV_tratamento_fobia.jpg>]
Package babel Info: Redefining portuges shorthand "|
(babel)             in language append on input line 34.
Package babel Info: Redefining portuges shorthand "|
(babel)             in language append on input line 35.


LaTeX Warning: Citation `RV_comboio' on page 17 undefined on input line 39.

Package babel Info: Redefining portuges shorthand "|
(babel)             in language append on input line 42.

LaTeX Warning: Citation `RV_aviao' on page 17 undefined on input line 45.

<imagens/RV_simulador_voo.jpg, id=178, 1204.5pt x 803.0pt>
File: imagens/RV_simulador_voo.jpg Graphic file (type jpg)
<use imagens/RV_simulador_voo.jpg>
Package pdftex.def Info: imagens/RV_simulador_voo.jpg  used on input line 49.
(pdftex.def)             Requested size: 240.89574pt x 160.59715pt.

LaTeX Warning: Citation `RV_sim_voo' on page 17 undefined on input line 50.


LaTeX Warning: `h' float specifier changed to `ht'.

Package babel Info: Redefining portuges shorthand "|
(babel)             in language append on input line 53.

Underfull \vbox (badness 3803) has occurred while \output is active []

Package babel Info: Redefining portuges shorthand "|
(babel)             in language append on input line 56.
Package babel Info: Redefining portuges shorthand "|
(babel)             in language append on input line 56.
 [17]

LaTeX Warning: Citation `RV_militar' on page 18 undefined on input line 57.

)
Package babel Info: Redefining portuges shorthand "|
(babel)             in language append on input line 136.
Package babel Info: Redefining portuges shorthand "|
(babel)             in language append on input line 136.
 [18pdfTeX warning (ext4): destination with the same identifier (name{figure.5.
2}) has been already used, duplicate ignored

\AtBegShi@Output ...ipout \box \AtBeginShipoutBox 
                                                  \fi \fi 
l.136 \cleardoublepage
                       <./imagens/RV_simulador_voo.jpg>]
(./capitulos/capitulo_6.tex
Cap\'{\i }tulo 6.
Package babel Info: Redefining portuges shorthand "|
(babel)             in language append on input line 1.
Package babel Info: Redefining portuges shorthand "|
(babel)             in language append on input line 3.

LaTeX Warning: Citation `RV_inter' on page 19 undefined on input line 6.

Package babel Info: Redefining portuges shorthand "|
(babel)             in language append on input line 8.

LaTeX Warning: Citation `RV_inter' on page 19 undefined on input line 10.

Package babel Info: Redefining portuges shorthand "|
(babel)             in language append on input line 12.

LaTeX Warning: Citation `RV_inter' on page 19 undefined on input line 14.


Underfull \vbox (badness 5050) has occurred while \output is active []

Package babel Info: Redefining portuges shorthand "|
(babel)             in language append on input line 15.
Package babel Info: Redefining portuges shorthand "|
(babel)             in language append on input line 15.
 [19


])
Package babel Info: Redefining portuges shorthand "|
(babel)             in language append on input line 139.
Package babel Info: Redefining portuges shorthand "|
(babel)             in language append on input line 139.

[20] (./capitulos/capitulo_7.tex
Cap\'{\i }tulo 7.
Package babel Info: Redefining portuges shorthand "|
(babel)             in language append on input line 1.
Package babel Info: Redefining portuges shorthand "|
(babel)             in language append on input line 3.
<imagens/RV_OR.jpg, id=205, 361.35pt x 203.25937pt>
File: imagens/RV_OR.jpg Graphic file (type jpg)
<use imagens/RV_OR.jpg>
Package pdftex.def Info: imagens/RV_OR.jpg  used on input line 14.
(pdftex.def)             Requested size: 216.81168pt x 121.95656pt.

LaTeX Warning: Citation `RV_OR' on page 21 undefined on input line 15.

Package babel Info: Redefining portuges shorthand "|
(babel)             in language append on input line 19.
Package babel Info: Redefining portuges shorthand "|
(babel)             in language append on input line 19.
[21


pdfTeX warning (ext4): destination with the same identifier (name{figure.7.1}) 
has been already used, duplicate ignored

\AtBegShi@Output ...ipout \box \AtBeginShipoutBox 
                                                  \fi \fi 
l.19 \section
             {Luvas Virtuais} <./imagens/RV_OR.jpg>]
Package babel Info: Redefining portuges shorthand "|
(babel)             in language append on input line 19.
<imagens/RV_luvas.jpg, id=213, 451.6875pt x 191.9672pt>
File: imagens/RV_luvas.jpg Graphic file (type jpg)
<use imagens/RV_luvas.jpg>
Package pdftex.def Info: imagens/RV_luvas.jpg  used on input line 27.
(pdftex.def)             Requested size: 271.01459pt x 115.1812pt.


LaTeX Warning: Citation `RV_luvas' on page 22 undefined on input line 28.

Package babel Info: Redefining portuges shorthand "|
(babel)             in language append on input line 32.
<imagens/RV_icaros.jpg, id=214, 638.8668pt x 387.849pt>
File: imagens/RV_icaros.jpg Graphic file (type jpg)
<use imagens/RV_icaros.jpg>
Package pdftex.def Info: imagens/RV_icaros.jpg  used on input line 44.
(pdftex.def)             Requested size: 383.32303pt x 232.71118pt.

Overfull \hbox (23.32303pt too wide) in paragraph at lines 44--45
 [] 
 []


LaTeX Warning: Citation `RV_icaros' on page 22 undefined on input line 45.

Package babel Info: Redefining portuges shorthand "|
(babel)             in language append on input line 46.
Package babel Info: Redefining portuges shorthand "|
(babel)             in language append on input line 46.
[22pdfTeX warning (ext4): destination with the same identifier (name{figure.7.2
}) has been already used, duplicate ignored

\AtBegShi@Output ...ipout \box \AtBeginShipoutBox 
                                                  \fi \fi 
l.46 \end{figure}
                  <./imagens/RV_luvas.jpg>]
Package babel Info: Redefining portuges shorthand "|
(babel)             in language append on input line 49.

Overfull \hbox (4.02414pt too wide) in paragraph at lines 53--54
[]\OT1/cmr/m/n/10.95 Este fato fun-ci-ona jun-ta-mente com ou-tros equi-pa-men-
tos VR, mas tamb^^Sem
 []

<imagens/RV_fato.jpg, id=222, 682.55pt x 351.3125pt>
File: imagens/RV_fato.jpg Graphic file (type jpg)
<use imagens/RV_fato.jpg>
Package pdftex.def Info: imagens/RV_fato.jpg  used on input line 60.
(pdftex.def)             Requested size: 341.27417pt x 175.6558pt.

LaTeX Warning: Citation `RV_fato' on page 23 undefined on input line 61.


Underfull \vbox (badness 10000) has occurred while \output is active []

Package babel Info: Redefining portuges shorthand "|
(babel)             in language append on input line 63.
Package babel Info: Redefining portuges shorthand "|
(babel)             in language append on input line 63.
 [23pdfTeX warning (ext4): destination with the same identifier (name{figure.7.
3}) has been already used, duplicate ignored

\AtBegShi@Output ...ipout \box \AtBeginShipoutBox 
                                                  \fi \fi 
l.63 
      <./imagens/RV_icaros.jpg>])
Package babel Info: Redefining portuges shorthand "|
(babel)             in language append on input line 142.
Package babel Info: Redefining portuges shorthand "|
(babel)             in language append on input line 142.
 [24pdfTeX warning (ext4): destination with the same identifier (name{figure.7.
4}) has been already used, duplicate ignored

\AtBegShi@Output ...ipout \box \AtBeginShipoutBox 
                                                  \fi \fi 
l.142 \cleardoublepage
                       <./imagens/RV_fato.jpg>] (./capitulos/capitulo_8.tex
Cap\'{\i }tulo 8.
Package babel Info: Redefining portuges shorthand "|
(babel)             in language append on input line 1.
Package babel Info: Redefining portuges shorthand "|
(babel)             in language append on input line 3.
Package babel Info: Redefining portuges shorthand "|
(babel)             in language append on input line 11.
Package babel Info: Redefining portuges shorthand "|
(babel)             in language append on input line 18.
Package babel Info: Redefining portuges shorthand "|
(babel)             in language append on input line 18.
[25


])
Package babel Info: Redefining portuges shorthand "|
(babel)             in language append on input line 145.
Package babel Info: Redefining portuges shorthand "|
(babel)             in language append on input line 145.
 [26] (./capitulos/capitulo_9.tex
Cap\'{\i }tulo 9.
Package babel Info: Redefining portuges shorthand "|
(babel)             in language append on input line 1.
)
Package babel Info: Redefining portuges shorthand "|
(babel)             in language append on input line 148.
Package babel Info: Redefining portuges shorthand "|
(babel)             in language append on input line 148.
 [27


]
Package babel Info: Redefining portuges shorthand "|
(babel)             in language append on input line 148.
Package babel Info: Redefining portuges shorthand "|
(babel)             in language append on input line 148.
 [28

] (./capitulos/conclusao.tex
Cap\'{\i }tulo 10.
Package babel Info: Redefining portuges shorthand "|
(babel)             in language append on input line 1.

Package acronym Warning: Acronym `RV' is not defined on input line 3.

)
Package babel Info: Redefining portuges shorthand "|
(babel)             in language append on input line 151.
Package babel Info: Redefining portuges shorthand "|
(babel)             in language append on input line 151.
 [29

]
Package babel Info: Redefining portuges shorthand "|
(babel)             in language append on input line 151.
Package babel Info: Redefining portuges shorthand "|
(babel)             in language append on input line 151.
 [30

] (./capitulos/creditos.tex
Cap\'{\i }tulo 11.
Package babel Info: Redefining portuges shorthand "|
(babel)             in language append on input line 1.

Underfull \hbox (badness 10000) in paragraph at lines 3--4

 []


Underfull \hbox (badness 10000) in paragraph at lines 5--13

 []


Underfull \hbox (badness 10000) in paragraph at lines 15--16

 []


Underfull \hbox (badness 10000) in paragraph at lines 17--21

 []

)
Package babel Info: Redefining portuges shorthand "|
(babel)             in language append on input line 157.
Package babel Info: Redefining portuges shorthand "|
(babel)             in language append on input line 157.
 [31

]
Package babel Info: Redefining portuges shorthand "|
(babel)             in language append on input line 157.
Package babel Info: Redefining portuges shorthand "|
(babel)             in language append on input line 157.
 [32

]
No file labi2017-t6g7.bbl.
Package atveryend Info: Empty hook `BeforeClearDocument' on input line 164.
Package atveryend Info: Empty hook `AfterLastShipout' on input line 164.
(./labi2017-t6g7.aux)
Package atveryend Info: Executing hook `AtVeryEndDocument' on input line 164.
Package atveryend Info: Executing hook `AtEndAfterFileList' on input line 164.


Package rerunfilecheck Warning: File `labi2017-t6g7.out' has changed.
(rerunfilecheck)                Rerun to get outlines right
(rerunfilecheck)                or use package `bookmark'.

Package rerunfilecheck Info: Checksums for `labi2017-t6g7.out':
(rerunfilecheck)             Before: <no file>
(rerunfilecheck)             After:  54DE51F04112CD15CF068E36FA55A5FC;2844.

LaTeX Warning: There were undefined references.


LaTeX Warning: Label(s) may have changed. Rerun to get cross-references right.

Package atveryend Info: Empty hook `AtVeryVeryEnd' on input line 164.
 ) 
Here is how much of TeX's memory you used:
 9166 strings out of 492982
 128580 string characters out of 6134895
 225316 words of memory out of 5000000
 12431 multiletter control sequences out of 15000+600000
 16386 words of font info for 61 fonts, out of 8000000 for 9000
 1141 hyphenation exceptions out of 8191
 28i,8n,32p,859b,423s stack positions out of 5000i,500n,10000p,200000b,80000s
</usr/share/texlive/texmf-dist/fonts/type1/public/amsfonts/cm/cmbsy10.pfb></u
sr/share/texlive/texmf-dist/fonts/type1/public/amsfonts/cm/cmbx10.pfb></usr/sha
re/texlive/texmf-dist/fonts/type1/public/amsfonts/cm/cmbx12.pfb></usr/share/tex
live/texmf-dist/fonts/type1/public/amsfonts/cm/cmbxti10.pfb></usr/share/texlive
/texmf-dist/fonts/type1/public/amsfonts/cm/cmr10.pfb></usr/share/texlive/texmf-
dist/fonts/type1/public/amsfonts/cm/cmr12.pfb></usr/share/texlive/texmf-dist/fo
nts/type1/public/amsfonts/cm/cmr17.pfb></usr/share/texlive/texmf-dist/fonts/typ
e1/public/amsfonts/cm/cmr6.pfb></usr/share/texlive/texmf-dist/fonts/type1/publi
c/amsfonts/cm/cmr8.pfb></usr/share/texlive/texmf-dist/fonts/type1/public/amsfon
ts/cm/cmr9.pfb></usr/share/texlive/texmf-dist/fonts/type1/public/amsfonts/cm/cm
ti10.pfb>
Output written on labi2017-t6g7.pdf (40 pages, 1182953 bytes).
PDF statistics:
 338 PDF objects out of 1000 (max. 8388607)
 268 compressed objects within 3 object streams
 114 named destinations out of 1000 (max. 500000)
 66 words of extra memory for PDF output out of 10000 (max. 10000000)

