\BOOKMARK [0][-]{chapter.1}{Introdu\347\343o}{}% 1
\BOOKMARK [1][-]{section.1.1}{Organiza\347\343o do Trabalho}{chapter.1}% 2
\BOOKMARK [0][-]{chapter.2}{Mas ent\343o o que \351 a realidade virtual?}{}% 3
\BOOKMARK [1][-]{section.2.1}{Forma\347\343o l\351xica da palavra.}{chapter.2}% 4
\BOOKMARK [1][-]{section.2.2}{Conceito}{chapter.2}% 5
\BOOKMARK [0][-]{chapter.3}{HMD}{}% 6
\BOOKMARK [0][-]{chapter.4}{Hist\363ria}{}% 7
\BOOKMARK [1][-]{section.4.1}{Hist\363ria}{chapter.4}% 8
\BOOKMARK [2][-]{subsection.4.1.1}{Estereosc\363pio - 1838}{section.4.1}% 9
\BOOKMARK [2][-]{subsection.4.1.2}{Pygmalion\220s Spectacles - 1935}{section.4.1}% 10
\BOOKMARK [2][-]{subsection.4.1.3}{Sensorama - 1955}{section.4.1}% 11
\BOOKMARK [2][-]{subsection.4.1.4}{Headsight - 1961}{section.4.1}% 12
\BOOKMARK [2][-]{subsection.4.1.5}{Ultimate Display - 1965 / Sword of Damocles - 1968}{section.4.1}% 13
\BOOKMARK [2][-]{subsection.4.1.6}{Realidade Artificial - 1969}{section.4.1}% 14
\BOOKMARK [2][-]{subsection.4.1.7}{O nascimento do nome - 1987}{section.4.1}% 15
\BOOKMARK [2][-]{subsection.4.1.8}{Consumo P\372blico - 1991}{section.4.1}% 16
\BOOKMARK [2][-]{subsection.4.1.9}{Inicio das consolas VR - 1993}{section.4.1}% 17
\BOOKMARK [2][-]{subsection.4.1.10}{Realidade Virtual nos dias de hoje}{section.4.1}% 18
\BOOKMARK [0][-]{chapter.5}{Realidade Virtual - \301reas de aplica\347\343o}{}% 19
\BOOKMARK [1][-]{section.5.1}{Medicina}{chapter.5}% 20
\BOOKMARK [2][-]{subsection.5.1.1}{Treino M\351dico}{section.5.1}% 21
\BOOKMARK [2][-]{subsection.5.1.2}{Param\351dicos}{section.5.1}% 22
\BOOKMARK [2][-]{subsection.5.1.3}{Tratamento de Fobias}{section.5.1}% 23
\BOOKMARK [1][-]{section.5.2}{Jogos}{chapter.5}% 24
\BOOKMARK [1][-]{section.5.3}{Simuladores}{chapter.5}% 25
\BOOKMARK [2][-]{subsection.5.3.1}{Simulador de Comboio}{section.5.3}% 26
\BOOKMARK [2][-]{subsection.5.3.2}{Simulador de Voo}{section.5.3}% 27
\BOOKMARK [1][-]{section.5.4}{\301rea militar}{chapter.5}% 28
\BOOKMARK [0][-]{chapter.6}{Caracter\355sticas da Realidade Virtual}{}% 29
\BOOKMARK [1][-]{section.6.1}{Imersiva}{chapter.6}% 30
\BOOKMARK [1][-]{section.6.2}{N\343o imersiva}{chapter.6}% 31
\BOOKMARK [1][-]{section.6.3}{Interativa}{chapter.6}% 32
\BOOKMARK [0][-]{chapter.7}{Equipamentos}{}% 33
\BOOKMARK [1][-]{section.7.1}{Oculus Rift}{chapter.7}% 34
\BOOKMARK [1][-]{section.7.2}{Luvas Virtuais}{chapter.7}% 35
\BOOKMARK [1][-]{section.7.3}{Icaros}{chapter.7}% 36
\BOOKMARK [1][-]{section.7.4}{Fato virtual}{chapter.7}% 37
\BOOKMARK [0][-]{chapter.8}{Vantagens e Desvantagens}{}% 38
\BOOKMARK [1][-]{section.8.1}{Vantagens}{chapter.8}% 39
\BOOKMARK [1][-]{section.8.2}{Desvantagens}{chapter.8}% 40
\BOOKMARK [0][-]{chapter.9}{Realidade Virtual - O Presente e o Futuro}{}% 41
\BOOKMARK [0][-]{chapter.10}{Conclus\343o}{}% 42
\BOOKMARK [0][-]{chapter.11}{Cr\351ditos}{}% 43
